<?xml version="1.0" encoding="UTF-8"?>
<coverage generated="1609233353805" clover="3.2.0">
  <project timestamp="1609233353805" name="All files">
    <metrics statements="94" coveredstatements="69" conditionals="9" coveredconditionals="3" methods="37" coveredmethods="23" elements="140" coveredelements="95" complexity="0" loc="94" ncloc="94" packages="1" files="8" classes="8"/>
    <file name="app.js" path="C:\Projects\frontend-test-assignment-1.0.0\src\app.js">
      <metrics statements="25" coveredstatements="21" conditionals="3" coveredconditionals="1" methods="12" coveredmethods="8"/>
      <line num="12" count="3" type="stmt"/>
      <line num="13" count="3" type="stmt"/>
      <line num="21" count="3" type="stmt"/>
      <line num="22" count="3" type="stmt"/>
      <line num="23" count="3" type="stmt"/>
      <line num="24" count="3" type="stmt"/>
      <line num="28" count="3" type="stmt"/>
      <line num="29" count="3" type="stmt"/>
      <line num="34" count="3" type="stmt"/>
      <line num="41" count="1" type="stmt"/>
      <line num="45" count="3" type="stmt"/>
      <line num="47" count="1" type="stmt"/>
      <line num="48" count="1" type="cond" truecount="1" falsecount="1"/>
      <line num="49" count="1" type="stmt"/>
      <line num="52" count="0" type="stmt"/>
      <line num="57" count="3" type="stmt"/>
      <line num="58" count="3" type="stmt"/>
      <line num="59" count="69" type="stmt"/>
      <line num="63" count="3" type="stmt"/>
      <line num="69" count="0" type="stmt"/>
      <line num="73" count="7" type="stmt"/>
      <line num="74" count="7" type="stmt"/>
      <line num="86" count="7" type="stmt"/>
      <line num="94" count="0" type="stmt"/>
      <line num="101" count="0" type="stmt"/>
    </file>
    <file name="chart.js" path="C:\Projects\frontend-test-assignment-1.0.0\src\chart.js">
      <metrics statements="20" coveredstatements="0" conditionals="4" coveredconditionals="0" methods="9" coveredmethods="0"/>
      <line num="8" count="0" type="stmt"/>
      <line num="12" count="0" type="stmt"/>
      <line num="13" count="0" type="cond" truecount="0" falsecount="2"/>
      <line num="14" count="0" type="stmt"/>
      <line num="16" count="0" type="stmt"/>
      <line num="24" count="0" type="stmt"/>
      <line num="26" count="0" type="cond" truecount="0" falsecount="2"/>
      <line num="27" count="0" type="stmt"/>
      <line num="28" count="0" type="stmt"/>
      <line num="29" count="0" type="stmt"/>
      <line num="31" count="0" type="stmt"/>
      <line num="58" count="0" type="stmt"/>
      <line num="81" count="0" type="stmt"/>
      <line num="86" count="0" type="stmt"/>
      <line num="87" count="0" type="stmt"/>
      <line num="89" count="0" type="stmt"/>
      <line num="90" count="0" type="stmt"/>
      <line num="91" count="0" type="stmt"/>
      <line num="95" count="0" type="stmt"/>
      <line num="98" count="0" type="stmt"/>
    </file>
    <file name="constants.js" path="C:\Projects\frontend-test-assignment-1.0.0\src\constants.js">
      <metrics statements="6" coveredstatements="6" conditionals="0" coveredconditionals="0" methods="0" coveredmethods="0"/>
      <line num="1" count="1" type="stmt"/>
      <line num="2" count="1" type="stmt"/>
      <line num="3" count="1" type="stmt"/>
      <line num="4" count="1" type="stmt"/>
      <line num="5" count="1" type="stmt"/>
      <line num="6" count="1" type="stmt"/>
    </file>
    <file name="index.js" path="C:\Projects\frontend-test-assignment-1.0.0\src\index.js">
      <metrics statements="1" coveredstatements="0" conditionals="0" coveredconditionals="0" methods="0" coveredmethods="0"/>
      <line num="5" count="0" type="stmt"/>
    </file>
    <file name="menu.js" path="C:\Projects\frontend-test-assignment-1.0.0\src\menu.js">
      <metrics statements="1" coveredstatements="1" conditionals="0" coveredconditionals="0" methods="1" coveredmethods="1"/>
      <line num="7" count="8" type="stmt"/>
    </file>
    <file name="risk-level-selector.js" path="C:\Projects\frontend-test-assignment-1.0.0\src\risk-level-selector.js">
      <metrics statements="9" coveredstatements="9" conditionals="0" coveredconditionals="0" methods="4" coveredmethods="3"/>
      <line num="6" count="6" type="stmt"/>
      <line num="7" count="6" type="stmt"/>
      <line num="11" count="2" type="stmt"/>
      <line num="12" count="2" type="stmt"/>
      <line num="16" count="2" type="stmt"/>
      <line num="20" count="10" type="stmt"/>
      <line num="21" count="10" type="stmt"/>
      <line num="49" count="2" type="stmt"/>
      <line num="55" count="2" type="stmt"/>
    </file>
    <file name="table.js" path="C:\Projects\frontend-test-assignment-1.0.0\src\table.js">
      <metrics statements="17" coveredstatements="17" conditionals="2" coveredconditionals="2" methods="9" coveredmethods="9"/>
      <line num="1" count="2" type="stmt"/>
      <line num="9" count="8" type="stmt"/>
      <line num="13" count="16" type="stmt"/>
      <line num="14" count="48" type="cond" truecount="2" falsecount="0"/>
      <line num="15" count="16" type="stmt"/>
      <line num="17" count="16" type="stmt"/>
      <line num="26" count="208" type="stmt"/>
      <line num="27" count="208" type="stmt"/>
      <line num="28" count="208" type="stmt"/>
      <line num="29" count="208" type="stmt"/>
      <line num="31" count="16" type="stmt"/>
      <line num="32" count="208" type="stmt"/>
      <line num="39" count="16" type="stmt"/>
      <line num="47" count="16" type="stmt"/>
      <line num="59" count="8" type="stmt"/>
      <line num="63" count="2" type="stmt"/>
      <line num="70" count="2" type="stmt"/>
    </file>
    <file name="utils.js" path="C:\Projects\frontend-test-assignment-1.0.0\src\utils.js">
      <metrics statements="15" coveredstatements="15" conditionals="0" coveredconditionals="0" methods="2" coveredmethods="2"/>
      <line num="2" count="208" type="stmt"/>
      <line num="3" count="208" type="stmt"/>
      <line num="4" count="208" type="stmt"/>
      <line num="6" count="208" type="stmt"/>
      <line num="8" count="208" type="stmt"/>
      <line num="15" count="2" type="stmt"/>
      <line num="17" count="16" type="stmt"/>
      <line num="18" count="16" type="stmt"/>
      <line num="19" count="208" type="stmt"/>
      <line num="22" count="16" type="stmt"/>
      <line num="28" count="16" type="stmt"/>
      <line num="29" count="208" type="stmt"/>
      <line num="30" count="208" type="stmt"/>
      <line num="31" count="208" type="stmt"/>
      <line num="34" count="16" type="stmt"/>
    </file>
  </project>
</coverage>
