{"C:\\Projects\\frontend-test-assignment-1.0.0\\src\\app.js": {"path":"C:\\Projects\\frontend-test-assignment-1.0.0\\src\\app.js","statementMap":{"0":{"start":{"line":12,"column":8},"end":{"line":12,"column":21}},"1":{"start":{"line":13,"column":8},"end":{"line":20,"column":10}},"2":{"start":{"line":21,"column":8},"end":{"line":21,"column":41}},"3":{"start":{"line":22,"column":8},"end":{"line":22,"column":41}},"4":{"start":{"line":23,"column":8},"end":{"line":23,"column":61}},"5":{"start":{"line":24,"column":8},"end":{"line":24,"column":59}},"6":{"start":{"line":28,"column":8},"end":{"line":28,"column":30}},"7":{"start":{"line":29,"column":8},"end":{"line":29,"column":30}},"8":{"start":{"line":34,"column":25},"end":{"line":40,"column":10}},"9":{"start":{"line":41,"column":8},"end":{"line":41,"column":31}},"10":{"start":{"line":45,"column":8},"end":{"line":53,"column":15}},"11":{"start":{"line":47,"column":16},"end":{"line":47,"column":51}},"12":{"start":{"line":48,"column":16},"end":{"line":50,"column":17}},"13":{"start":{"line":49,"column":20},"end":{"line":49,"column":60}},"14":{"start":{"line":52,"column":16},"end":{"line":52,"column":47}},"15":{"start":{"line":57,"column":24},"end":{"line":57,"column":26}},"16":{"start":{"line":58,"column":8},"end":{"line":62,"column":9}},"17":{"start":{"line":58,"column":21},"end":{"line":58,"column":38}},"18":{"start":{"line":59,"column":12},"end":{"line":61,"column":14}},"19":{"start":{"line":63,"column":8},"end":{"line":65,"column":10}},"20":{"start":{"line":69,"column":8},"end":{"line":69,"column":65}},"21":{"start":{"line":73,"column":99},"end":{"line":73,"column":109}},"22":{"start":{"line":74,"column":8},"end":{"line":110,"column":10}},"23":{"start":{"line":86,"column":59},"end":{"line":92,"column":22}},"24":{"start":{"line":94,"column":58},"end":{"line":100,"column":22}},"25":{"start":{"line":101,"column":58},"end":{"line":107,"column":22}}},"fnMap":{"0":{"name":"(anonymous_0)","decl":{"start":{"line":11,"column":4},"end":{"line":11,"column":5}},"loc":{"start":{"line":11,"column":23},"end":{"line":25,"column":5}},"line":11},"1":{"name":"(anonymous_1)","decl":{"start":{"line":27,"column":4},"end":{"line":27,"column":5}},"loc":{"start":{"line":27,"column":24},"end":{"line":30,"column":5}},"line":27},"2":{"name":"(anonymous_2)","decl":{"start":{"line":33,"column":4},"end":{"line":33,"column":5}},"loc":{"start":{"line":33,"column":33},"end":{"line":42,"column":5}},"line":33},"3":{"name":"(anonymous_3)","decl":{"start":{"line":44,"column":4},"end":{"line":44,"column":5}},"loc":{"start":{"line":44,"column":21},"end":{"line":54,"column":5}},"line":44},"4":{"name":"(anonymous_4)","decl":{"start":{"line":46,"column":18},"end":{"line":46,"column":19}},"loc":{"start":{"line":46,"column":30},"end":{"line":51,"column":13}},"line":46},"5":{"name":"(anonymous_5)","decl":{"start":{"line":51,"column":21},"end":{"line":51,"column":22}},"loc":{"start":{"line":51,"column":32},"end":{"line":53,"column":13}},"line":51},"6":{"name":"(anonymous_6)","decl":{"start":{"line":56,"column":4},"end":{"line":56,"column":5}},"loc":{"start":{"line":56,"column":21},"end":{"line":66,"column":5}},"line":56},"7":{"name":"(anonymous_7)","decl":{"start":{"line":68,"column":4},"end":{"line":68,"column":5}},"loc":{"start":{"line":68,"column":31},"end":{"line":70,"column":5}},"line":68},"8":{"name":"(anonymous_8)","decl":{"start":{"line":72,"column":4},"end":{"line":72,"column":5}},"loc":{"start":{"line":72,"column":13},"end":{"line":111,"column":5}},"line":72},"9":{"name":"(anonymous_9)","decl":{"start":{"line":86,"column":53},"end":{"line":86,"column":54}},"loc":{"start":{"line":86,"column":59},"end":{"line":92,"column":22}},"line":86},"10":{"name":"(anonymous_10)","decl":{"start":{"line":94,"column":52},"end":{"line":94,"column":53}},"loc":{"start":{"line":94,"column":58},"end":{"line":100,"column":22}},"line":94},"11":{"name":"(anonymous_11)","decl":{"start":{"line":101,"column":52},"end":{"line":101,"column":53}},"loc":{"start":{"line":101,"column":58},"end":{"line":107,"column":22}},"line":101}},"branchMap":{"0":{"loc":{"start":{"line":33,"column":23},"end":{"line":33,"column":31}},"type":"default-arg","locations":[{"start":{"line":33,"column":29},"end":{"line":33,"column":31}}],"line":33},"1":{"loc":{"start":{"line":48,"column":16},"end":{"line":50,"column":17}},"type":"if","locations":[{"start":{"line":48,"column":16},"end":{"line":50,"column":17}},{"start":{"line":48,"column":16},"end":{"line":50,"column":17}}],"line":48}},"s":{"0":3,"1":3,"2":3,"3":3,"4":3,"5":3,"6":3,"7":3,"8":3,"9":1,"10":3,"11":1,"12":1,"13":1,"14":0,"15":3,"16":3,"17":3,"18":69,"19":3,"20":0,"21":7,"22":7,"23":7,"24":0,"25":0},"f":{"0":3,"1":3,"2":3,"3":3,"4":1,"5":0,"6":3,"7":0,"8":7,"9":7,"10":0,"11":0},"b":{"0":[0],"1":[1,0]},"_coverageSchema":"1a1c01bbd47fc00a2c39e90264f33305004495a9","hash":"f3a1eda0a0d763db53be861823cce4104140ff57"}
,"C:\\Projects\\frontend-test-assignment-1.0.0\\src\\chart.js": {"path":"C:\\Projects\\frontend-test-assignment-1.0.0\\src\\chart.js","statementMap":{"0":{"start":{"line":8,"column":8},"end":{"line":8,"column":24}},"1":{"start":{"line":12,"column":72},"end":{"line":12,"column":82}},"2":{"start":{"line":13,"column":28},"end":{"line":13,"column":104}},"3":{"start":{"line":13,"column":73},"end":{"line":13,"column":100}},"4":{"start":{"line":14,"column":20},"end":{"line":14,"column":24}},"5":{"start":{"line":16,"column":27},"end":{"line":23,"column":10}},"6":{"start":{"line":24,"column":8},"end":{"line":24,"column":47}},"7":{"start":{"line":26,"column":23},"end":{"line":26,"column":85}},"8":{"start":{"line":26,"column":57},"end":{"line":26,"column":84}},"9":{"start":{"line":27,"column":27},"end":{"line":27,"column":58}},"10":{"start":{"line":27,"column":54},"end":{"line":27,"column":57}},"11":{"start":{"line":28,"column":25},"end":{"line":28,"column":57}},"12":{"start":{"line":28,"column":53},"end":{"line":28,"column":56}},"13":{"start":{"line":29,"column":24},"end":{"line":29,"column":56}},"14":{"start":{"line":29,"column":52},"end":{"line":29,"column":55}},"15":{"start":{"line":31,"column":21},"end":{"line":56,"column":9}},"16":{"start":{"line":58,"column":24},"end":{"line":79,"column":9}},"17":{"start":{"line":81,"column":23},"end":{"line":85,"column":9}},"18":{"start":{"line":86,"column":8},"end":{"line":86,"column":48}},"19":{"start":{"line":87,"column":8},"end":{"line":87,"column":54}},"20":{"start":{"line":89,"column":23},"end":{"line":89,"column":34}},"21":{"start":{"line":90,"column":24},"end":{"line":90,"column":47}},"22":{"start":{"line":91,"column":24},"end":{"line":91,"column":52}},"23":{"start":{"line":95,"column":8},"end":{"line":104,"column":10}},"24":{"start":{"line":98,"column":32},"end":{"line":98,"column":49}}},"fnMap":{"0":{"name":"(anonymous_0)","decl":{"start":{"line":7,"column":4},"end":{"line":7,"column":5}},"loc":{"start":{"line":7,"column":24},"end":{"line":9,"column":5}},"line":7},"1":{"name":"(anonymous_1)","decl":{"start":{"line":11,"column":4},"end":{"line":11,"column":5}},"loc":{"start":{"line":11,"column":16},"end":{"line":92,"column":5}},"line":11},"2":{"name":"(anonymous_2)","decl":{"start":{"line":13,"column":65},"end":{"line":13,"column":66}},"loc":{"start":{"line":13,"column":73},"end":{"line":13,"column":100}},"line":13},"3":{"name":"(anonymous_3)","decl":{"start":{"line":26,"column":45},"end":{"line":26,"column":46}},"loc":{"start":{"line":26,"column":57},"end":{"line":26,"column":84}},"line":26},"4":{"name":"(anonymous_4)","decl":{"start":{"line":27,"column":49},"end":{"line":27,"column":50}},"loc":{"start":{"line":27,"column":54},"end":{"line":27,"column":57}},"line":27},"5":{"name":"(anonymous_5)","decl":{"start":{"line":28,"column":48},"end":{"line":28,"column":49}},"loc":{"start":{"line":28,"column":53},"end":{"line":28,"column":56}},"line":28},"6":{"name":"(anonymous_6)","decl":{"start":{"line":29,"column":47},"end":{"line":29,"column":48}},"loc":{"start":{"line":29,"column":52},"end":{"line":29,"column":55}},"line":29},"7":{"name":"(anonymous_7)","decl":{"start":{"line":94,"column":4},"end":{"line":94,"column":5}},"loc":{"start":{"line":94,"column":13},"end":{"line":105,"column":5}},"line":94},"8":{"name":"(anonymous_8)","decl":{"start":{"line":98,"column":25},"end":{"line":98,"column":26}},"loc":{"start":{"line":98,"column":32},"end":{"line":98,"column":49}},"line":98}},"branchMap":{"0":{"loc":{"start":{"line":13,"column":28},"end":{"line":13,"column":104}},"type":"binary-expr","locations":[{"start":{"line":13,"column":28},"end":{"line":13,"column":44}},{"start":{"line":13,"column":48},"end":{"line":13,"column":104}}],"line":13},"1":{"loc":{"start":{"line":26,"column":57},"end":{"line":26,"column":84}},"type":"cond-expr","locations":[{"start":{"line":26,"column":73},"end":{"line":26,"column":79}},{"start":{"line":26,"column":82},"end":{"line":26,"column":84}}],"line":26}},"s":{"0":0,"1":0,"2":0,"3":0,"4":0,"5":0,"6":0,"7":0,"8":0,"9":0,"10":0,"11":0,"12":0,"13":0,"14":0,"15":0,"16":0,"17":0,"18":0,"19":0,"20":0,"21":0,"22":0,"23":0,"24":0},"f":{"0":0,"1":0,"2":0,"3":0,"4":0,"5":0,"6":0,"7":0,"8":0},"b":{"0":[0,0],"1":[0,0]},"_coverageSchema":"1a1c01bbd47fc00a2c39e90264f33305004495a9","hash":"bd4e95ce8a94f24da3ecb49f7c98e92bf783a3f1"}
,"C:\\Projects\\frontend-test-assignment-1.0.0\\src\\constants.js": {"path":"C:\\Projects\\frontend-test-assignment-1.0.0\\src\\constants.js","statementMap":{"0":{"start":{"line":1,"column":28},"end":{"line":1,"column":29}},"1":{"start":{"line":2,"column":28},"end":{"line":2,"column":30}},"2":{"start":{"line":3,"column":32},"end":{"line":3,"column":33}},"3":{"start":{"line":4,"column":26},"end":{"line":4,"column":27}},"4":{"start":{"line":5,"column":34},"end":{"line":5,"column":38}},"5":{"start":{"line":6,"column":31},"end":{"line":6,"column":34}}},"fnMap":{},"branchMap":{},"s":{"0":1,"1":1,"2":1,"3":1,"4":1,"5":1},"f":{},"b":{},"_coverageSchema":"1a1c01bbd47fc00a2c39e90264f33305004495a9","hash":"b8095cc6655686dc39f8d95d319edbe4bd082c2a"}
,"C:\\Projects\\frontend-test-assignment-1.0.0\\src\\index.js": {"path":"C:\\Projects\\frontend-test-assignment-1.0.0\\src\\index.js","statementMap":{"0":{"start":{"line":5,"column":0},"end":{"line":5,"column":57}}},"fnMap":{},"branchMap":{},"s":{"0":0},"f":{},"b":{}}
,"C:\\Projects\\frontend-test-assignment-1.0.0\\src\\menu.js": {"path":"C:\\Projects\\frontend-test-assignment-1.0.0\\src\\menu.js","statementMap":{"0":{"start":{"line":7,"column":8},"end":{"line":12,"column":10}}},"fnMap":{"0":{"name":"(anonymous_0)","decl":{"start":{"line":6,"column":4},"end":{"line":6,"column":5}},"loc":{"start":{"line":6,"column":13},"end":{"line":13,"column":5}},"line":6}},"branchMap":{},"s":{"0":8},"f":{"0":8},"b":{},"_coverageSchema":"1a1c01bbd47fc00a2c39e90264f33305004495a9","hash":"3a88bafe89b5a0875bddba3c9d3a9ba1a447cc9c"}
,"C:\\Projects\\frontend-test-assignment-1.0.0\\src\\risk-level-selector.js": {"path":"C:\\Projects\\frontend-test-assignment-1.0.0\\src\\risk-level-selector.js","statementMap":{"0":{"start":{"line":6,"column":8},"end":{"line":6,"column":21}},"1":{"start":{"line":7,"column":8},"end":{"line":7,"column":49}},"2":{"start":{"line":11,"column":34},"end":{"line":11,"column":44}},"3":{"start":{"line":12,"column":28},"end":{"line":15,"column":9}},"4":{"start":{"line":16,"column":8},"end":{"line":16,"column":35}},"5":{"start":{"line":20,"column":74},"end":{"line":20,"column":84}},"6":{"start":{"line":21,"column":8},"end":{"line":45,"column":10}},"7":{"start":{"line":49,"column":0},"end":{"line":53,"column":2}},"8":{"start":{"line":55,"column":0},"end":{"line":59,"column":2}}},"fnMap":{"0":{"name":"(anonymous_0)","decl":{"start":{"line":5,"column":4},"end":{"line":5,"column":5}},"loc":{"start":{"line":5,"column":23},"end":{"line":8,"column":5}},"line":5},"1":{"name":"(anonymous_1)","decl":{"start":{"line":10,"column":4},"end":{"line":10,"column":5}},"loc":{"start":{"line":10,"column":20},"end":{"line":17,"column":5}},"line":10},"2":{"name":"(anonymous_2)","decl":{"start":{"line":19,"column":4},"end":{"line":19,"column":5}},"loc":{"start":{"line":19,"column":13},"end":{"line":46,"column":5}},"line":19},"3":{"name":"(anonymous_3)","decl":{"start":{"line":52,"column":19},"end":{"line":52,"column":20}},"loc":{"start":{"line":52,"column":25},"end":{"line":52,"column":28}},"line":52}},"branchMap":{},"s":{"0":6,"1":6,"2":2,"3":2,"4":2,"5":10,"6":10,"7":2,"8":2},"f":{"0":6,"1":2,"2":10,"3":0},"b":{},"_coverageSchema":"1a1c01bbd47fc00a2c39e90264f33305004495a9","hash":"9ad92cdfe43b57234d4d115e14d81a1a34eb0142"}
,"C:\\Projects\\frontend-test-assignment-1.0.0\\src\\table.js": {"path":"C:\\Projects\\frontend-test-assignment-1.0.0\\src\\table.js","statementMap":{"0":{"start":{"line":1,"column":14},"end":{"line":1,"column":30}},"1":{"start":{"line":9,"column":8},"end":{"line":9,"column":25}},"2":{"start":{"line":13,"column":75},"end":{"line":13,"column":85}},"3":{"start":{"line":14,"column":21},"end":{"line":14,"column":97}},"4":{"start":{"line":14,"column":66},"end":{"line":14,"column":93}},"5":{"start":{"line":15,"column":20},"end":{"line":15,"column":24}},"6":{"start":{"line":17,"column":27},"end":{"line":24,"column":10}},"7":{"start":{"line":26,"column":23},"end":{"line":26,"column":61}},"8":{"start":{"line":26,"column":57},"end":{"line":26,"column":60}},"9":{"start":{"line":27,"column":25},"end":{"line":27,"column":57}},"10":{"start":{"line":27,"column":53},"end":{"line":27,"column":56}},"11":{"start":{"line":28,"column":27},"end":{"line":28,"column":58}},"12":{"start":{"line":28,"column":54},"end":{"line":28,"column":57}},"13":{"start":{"line":29,"column":24},"end":{"line":29,"column":56}},"14":{"start":{"line":29,"column":52},"end":{"line":29,"column":55}},"15":{"start":{"line":31,"column":21},"end":{"line":38,"column":10}},"16":{"start":{"line":32,"column":12},"end":{"line":37,"column":17}},"17":{"start":{"line":39,"column":28},"end":{"line":46,"column":19}},"18":{"start":{"line":47,"column":8},"end":{"line":56,"column":10}},"19":{"start":{"line":59,"column":8},"end":{"line":59,"column":31}},"20":{"start":{"line":63,"column":0},"end":{"line":68,"column":2}},"21":{"start":{"line":70,"column":0},"end":{"line":76,"column":2}}},"fnMap":{"0":{"name":"(anonymous_0)","decl":{"start":{"line":8,"column":4},"end":{"line":8,"column":5}},"loc":{"start":{"line":8,"column":24},"end":{"line":10,"column":5}},"line":8},"1":{"name":"(anonymous_1)","decl":{"start":{"line":12,"column":4},"end":{"line":12,"column":5}},"loc":{"start":{"line":12,"column":16},"end":{"line":57,"column":5}},"line":12},"2":{"name":"(anonymous_2)","decl":{"start":{"line":14,"column":58},"end":{"line":14,"column":59}},"loc":{"start":{"line":14,"column":66},"end":{"line":14,"column":93}},"line":14},"3":{"name":"(anonymous_3)","decl":{"start":{"line":26,"column":45},"end":{"line":26,"column":46}},"loc":{"start":{"line":26,"column":57},"end":{"line":26,"column":60}},"line":26},"4":{"name":"(anonymous_4)","decl":{"start":{"line":27,"column":48},"end":{"line":27,"column":49}},"loc":{"start":{"line":27,"column":53},"end":{"line":27,"column":56}},"line":27},"5":{"name":"(anonymous_5)","decl":{"start":{"line":28,"column":49},"end":{"line":28,"column":50}},"loc":{"start":{"line":28,"column":54},"end":{"line":28,"column":57}},"line":28},"6":{"name":"(anonymous_6)","decl":{"start":{"line":29,"column":47},"end":{"line":29,"column":48}},"loc":{"start":{"line":29,"column":52},"end":{"line":29,"column":55}},"line":29},"7":{"name":"(anonymous_7)","decl":{"start":{"line":31,"column":32},"end":{"line":31,"column":33}},"loc":{"start":{"line":32,"column":12},"end":{"line":37,"column":17}},"line":32},"8":{"name":"(anonymous_8)","decl":{"start":{"line":58,"column":4},"end":{"line":58,"column":5}},"loc":{"start":{"line":58,"column":13},"end":{"line":60,"column":5}},"line":58}},"branchMap":{"0":{"loc":{"start":{"line":14,"column":21},"end":{"line":14,"column":97}},"type":"binary-expr","locations":[{"start":{"line":14,"column":21},"end":{"line":14,"column":37}},{"start":{"line":14,"column":41},"end":{"line":14,"column":97}}],"line":14}},"s":{"0":2,"1":8,"2":16,"3":16,"4":48,"5":16,"6":16,"7":16,"8":208,"9":16,"10":208,"11":16,"12":208,"13":16,"14":208,"15":16,"16":208,"17":16,"18":16,"19":8,"20":2,"21":2},"f":{"0":8,"1":16,"2":48,"3":208,"4":208,"5":208,"6":208,"7":208,"8":8},"b":{"0":[16,4]},"_coverageSchema":"1a1c01bbd47fc00a2c39e90264f33305004495a9","hash":"f4cc179392fd427f00aec7df3b3ec9e6486e6cd6"}
,"C:\\Projects\\frontend-test-assignment-1.0.0\\src\\utils.js": {"path":"C:\\Projects\\frontend-test-assignment-1.0.0\\src\\utils.js","statementMap":{"0":{"start":{"line":2,"column":23},"end":{"line":2,"column":31}},"1":{"start":{"line":3,"column":24},"end":{"line":3,"column":41}},"2":{"start":{"line":4,"column":16},"end":{"line":4,"column":22}},"3":{"start":{"line":6,"column":17},"end":{"line":6,"column":213}},"4":{"start":{"line":8,"column":4},"end":{"line":12,"column":6}},"5":{"start":{"line":15,"column":28},"end":{"line":35,"column":1}},"6":{"start":{"line":17,"column":17},"end":{"line":17,"column":19}},"7":{"start":{"line":18,"column":4},"end":{"line":20,"column":5}},"8":{"start":{"line":18,"column":15},"end":{"line":18,"column":16}},"9":{"start":{"line":19,"column":8},"end":{"line":19,"column":84}},"10":{"start":{"line":22,"column":20},"end":{"line":26,"column":5}},"11":{"start":{"line":28,"column":4},"end":{"line":32,"column":5}},"12":{"start":{"line":28,"column":15},"end":{"line":28,"column":16}},"13":{"start":{"line":29,"column":8},"end":{"line":29,"column":82}},"14":{"start":{"line":30,"column":8},"end":{"line":30,"column":84}},"15":{"start":{"line":31,"column":8},"end":{"line":31,"column":84}},"16":{"start":{"line":34,"column":4},"end":{"line":34,"column":21}}},"fnMap":{"0":{"name":"mapDate","decl":{"start":{"line":1,"column":9},"end":{"line":1,"column":16}},"loc":{"start":{"line":1,"column":64},"end":{"line":13,"column":1}},"line":1},"1":{"name":"(anonymous_1)","decl":{"start":{"line":15,"column":28},"end":{"line":15,"column":29}},"loc":{"start":{"line":15,"column":83},"end":{"line":35,"column":1}},"line":15}},"branchMap":{},"s":{"0":208,"1":208,"2":208,"3":208,"4":208,"5":2,"6":16,"7":16,"8":16,"9":208,"10":16,"11":16,"12":16,"13":208,"14":208,"15":208,"16":16},"f":{"0":208,"1":16},"b":{},"_coverageSchema":"1a1c01bbd47fc00a2c39e90264f33305004495a9","hash":"3096a5dcc9756757abb6617ebd3bb691ae4c8dfe"}
}
