TN:
SF:src\app.js
FN:11,(anonymous_0)
FN:27,(anonymous_1)
FN:33,(anonymous_2)
FN:44,(anonymous_3)
FN:46,(anonymous_4)
FN:51,(anonymous_5)
FN:56,(anonymous_6)
FN:68,(anonymous_7)
FN:72,(anonymous_8)
FN:86,(anonymous_9)
FN:94,(anonymous_10)
FN:101,(anonymous_11)
FNF:12
FNH:8
FNDA:3,(anonymous_0)
FNDA:3,(anonymous_1)
FNDA:3,(anonymous_2)
FNDA:3,(anonymous_3)
FNDA:1,(anonymous_4)
FNDA:0,(anonymous_5)
FNDA:3,(anonymous_6)
FNDA:0,(anonymous_7)
FNDA:7,(anonymous_8)
FNDA:7,(anonymous_9)
FNDA:0,(anonymous_10)
FNDA:0,(anonymous_11)
DA:12,3
DA:13,3
DA:21,3
DA:22,3
DA:23,3
DA:24,3
DA:28,3
DA:29,3
DA:34,3
DA:41,1
DA:45,3
DA:47,1
DA:48,1
DA:49,1
DA:52,0
DA:57,3
DA:58,3
DA:59,69
DA:63,3
DA:69,0
DA:73,7
DA:74,7
DA:86,7
DA:94,0
DA:101,0
LF:25
LH:21
BRDA:33,0,0,0
BRDA:48,1,0,1
BRDA:48,1,1,0
BRF:3
BRH:1
end_of_record
TN:
SF:src\chart.js
FN:7,(anonymous_0)
FN:11,(anonymous_1)
FN:13,(anonymous_2)
FN:26,(anonymous_3)
FN:27,(anonymous_4)
FN:28,(anonymous_5)
FN:29,(anonymous_6)
FN:94,(anonymous_7)
FN:98,(anonymous_8)
FNF:9
FNH:0
FNDA:0,(anonymous_0)
FNDA:0,(anonymous_1)
FNDA:0,(anonymous_2)
FNDA:0,(anonymous_3)
FNDA:0,(anonymous_4)
FNDA:0,(anonymous_5)
FNDA:0,(anonymous_6)
FNDA:0,(anonymous_7)
FNDA:0,(anonymous_8)
DA:8,0
DA:12,0
DA:13,0
DA:14,0
DA:16,0
DA:24,0
DA:26,0
DA:27,0
DA:28,0
DA:29,0
DA:31,0
DA:58,0
DA:81,0
DA:86,0
DA:87,0
DA:89,0
DA:90,0
DA:91,0
DA:95,0
DA:98,0
LF:20
LH:0
BRDA:13,0,0,0
BRDA:13,0,1,0
BRDA:26,1,0,0
BRDA:26,1,1,0
BRF:4
BRH:0
end_of_record
TN:
SF:src\constants.js
FNF:0
FNH:0
DA:1,1
DA:2,1
DA:3,1
DA:4,1
DA:5,1
DA:6,1
LF:6
LH:6
BRF:0
BRH:0
end_of_record
TN:
SF:src\index.js
FNF:0
FNH:0
DA:5,0
LF:1
LH:0
BRF:0
BRH:0
end_of_record
TN:
SF:src\menu.js
FN:6,(anonymous_0)
FNF:1
FNH:1
FNDA:8,(anonymous_0)
DA:7,8
LF:1
LH:1
BRF:0
BRH:0
end_of_record
TN:
SF:src\risk-level-selector.js
FN:5,(anonymous_0)
FN:10,(anonymous_1)
FN:19,(anonymous_2)
FN:52,(anonymous_3)
FNF:4
FNH:3
FNDA:6,(anonymous_0)
FNDA:2,(anonymous_1)
FNDA:10,(anonymous_2)
FNDA:0,(anonymous_3)
DA:6,6
DA:7,6
DA:11,2
DA:12,2
DA:16,2
DA:20,10
DA:21,10
DA:49,2
DA:55,2
LF:9
LH:9
BRF:0
BRH:0
end_of_record
TN:
SF:src\table.js
FN:8,(anonymous_0)
FN:12,(anonymous_1)
FN:14,(anonymous_2)
FN:26,(anonymous_3)
FN:27,(anonymous_4)
FN:28,(anonymous_5)
FN:29,(anonymous_6)
FN:31,(anonymous_7)
FN:58,(anonymous_8)
FNF:9
FNH:9
FNDA:8,(anonymous_0)
FNDA:16,(anonymous_1)
FNDA:48,(anonymous_2)
FNDA:208,(anonymous_3)
FNDA:208,(anonymous_4)
FNDA:208,(anonymous_5)
FNDA:208,(anonymous_6)
FNDA:208,(anonymous_7)
FNDA:8,(anonymous_8)
DA:1,2
DA:9,8
DA:13,16
DA:14,48
DA:15,16
DA:17,16
DA:26,208
DA:27,208
DA:28,208
DA:29,208
DA:31,16
DA:32,208
DA:39,16
DA:47,16
DA:59,8
DA:63,2
DA:70,2
LF:17
LH:17
BRDA:14,0,0,16
BRDA:14,0,1,4
BRF:2
BRH:2
end_of_record
TN:
SF:src\utils.js
FN:1,mapDate
FN:15,(anonymous_1)
FNF:2
FNH:2
FNDA:208,mapDate
FNDA:16,(anonymous_1)
DA:2,208
DA:3,208
DA:4,208
DA:6,208
DA:8,208
DA:15,2
DA:17,16
DA:18,16
DA:19,208
DA:22,16
DA:28,16
DA:29,208
DA:30,208
DA:31,208
DA:34,16
LF:15
LH:15
BRF:0
BRH:0
end_of_record
